# JRE version: OpenJDK Runtime Environment OpenLogic-OpenJDK (17.0.9+9) (build 17.0.9+9-adhoc..jdk17u)
# Java VM: OpenJDK 64-Bit Server VM OpenLogic-OpenJDK (17.0.9+9-adhoc..jdk17u, mixed mode, sharing, tiered, compressed oops, compressed class ptrs, g1 gc, windows-amd64)
GC Precious Log:
 CPUs: 4 total, 4 available
 Memory: 8102M
 Large Page Support: Disabled
 NUMA Support: Disabled
 Compressed Oops: Enabled (32-bit)
 Heap Region Size: 1M
 Heap Min Capacity: 8M
 Heap Initial Capacity: 128M
 Heap Max Capacity: 2G
 Pre-touch: Disabled
 Parallel Workers: 4
 Concurrent Workers: 1
 Concurrent Refinement Workers: 4
 Periodic GC: Disabled
Heap:
 garbage-first heap   total 480256K, used 476449K [0x0000000080000000, 0x0000000100000000)
  region size 1024K, 2 young (2048K), 2 survivors (2048K)
 Metaspace       used 145163K, committed 146368K, reserved 557056K
  class space    used 19820K, committed 20416K, reserved 425984K
GC Heap History (20 events):
Event: 151.220 GC heap after
{Heap after GC invocations=110 (full 0):
 garbage-first heap   total 402432K, used 346444K [0x0000000080000000, 0x0000000100000000)
  region size 1024K, 1 young (1024K), 1 survivors (1024K)
 Metaspace       used 143732K, committed 145024K, reserved 557056K
  class space    used 19655K, committed 20288K, reserved 425984K
}
Event: 155.808 GC heap before
{Heap before GC invocations=110 (full 0):
 garbage-first heap   total 402432K, used 363852K [0x0000000080000000, 0x0000000100000000)
  region size 1024K, 19 young (19456K), 1 survivors (1024K)
 Metaspace       used 144118K, committed 145344K, reserved 557056K
  class space    used 19698K, committed 20288K, reserved 425984K
}
Event: 155.815 GC heap after
{Heap after GC invocations=111 (full 0):
 garbage-first heap   total 402432K, used 348050K [0x0000000080000000, 0x0000000100000000)
  region size 1024K, 3 young (3072K), 3 survivors (3072K)
 Metaspace       used 144118K, committed 145344K, reserved 557056K
  class space    used 19698K, committed 20288K, reserved 425984K
}
Event: 156.187 GC heap before
{Heap before GC invocations=111 (full 0):
 garbage-first heap   total 402432K, used 359314K [0x0000000080000000, 0x0000000100000000)
  region size 1024K, 16 young (16384K), 3 survivors (3072K)
 Metaspace       used 145094K, committed 146304K, reserved 557056K
  class space    used 19810K, committed 20416K, reserved 425984K
}
Event: 156.196 GC heap after
{Heap after GC invocations=112 (full 0):
 garbage-first heap   total 402432K, used 349363K [0x0000000080000000, 0x0000000100000000)
  region size 1024K, 2 young (2048K), 2 survivors (2048K)
 Metaspace       used 145094K, committed 146304K, reserved 557056K
  class space    used 19810K, committed 20416K, reserved 425984K
}
Event: 156.215 GC heap before
{Heap before GC invocations=112 (full 0):
 garbage-first heap   total 402432K, used 360627K [0x0000000080000000, 0x0000000100000000)
  region size 1024K, 3 young (3072K), 2 survivors (2048K)
 Metaspace       used 145104K, committed 146304K, reserved 557056K
  class space    used 19812K, committed 20416K, reserved 425984K
}
Event: 156.219 GC heap after
{Heap after GC invocations=113 (full 0):
 garbage-first heap   total 402432K, used 360786K [0x0000000080000000, 0x0000000100000000)
  region size 1024K, 2 young (2048K), 2 survivors (2048K)
 Metaspace       used 145104K, committed 146304K, reserved 557056K
  class space    used 19812K, committed 20416K, reserved 425984K
}
Event: 156.287 GC heap before
{Heap before GC invocations=113 (full 0):
 garbage-first heap   total 402432K, used 393554K [0x0000000080000000, 0x0000000100000000)
  region size 1024K, 6 young (6144K), 2 survivors (2048K)
 Metaspace       used 145140K, committed 146368K, reserved 557056K
  class space    used 19817K, committed 20416K, reserved 425984K
}
Event: 156.292 GC heap after
{Heap after GC invocations=114 (full 0):
 garbage-first heap   total 402432K, used 394555K [0x0000000080000000, 0x0000000100000000)
  region size 1024K, 3 young (3072K), 3 survivors (3072K)
 Metaspace       used 145140K, committed 146368K, reserved 557056K
  class space    used 19817K, committed 20416K, reserved 425984K
}
Event: 156.293 GC heap before
{Heap before GC invocations=114 (full 0):
 garbage-first heap   total 402432K, used 398651K [0x0000000080000000, 0x0000000100000000)
  region size 1024K, 3 young (3072K), 3 survivors (3072K)
 Metaspace       used 145140K, committed 146368K, reserved 557056K
  class space    used 19817K, committed 20416K, reserved 425984K
}
Event: 156.298 GC heap after
{Heap after GC invocations=115 (full 0):
 garbage-first heap   total 471040K, used 398615K [0x0000000080000000, 0x0000000100000000)
  region size 1024K, 2 young (2048K), 2 survivors (2048K)
 Metaspace       used 145140K, committed 146368K, reserved 557056K
  class space    used 19817K, committed 20416K, reserved 425984K
}
Event: 156.621 GC heap before
{Heap before GC invocations=115 (full 0):
 garbage-first heap   total 471040K, used 464151K [0x0000000080000000, 0x0000000100000000)
  region size 1024K, 7 young (7168K), 2 survivors (2048K)
 Metaspace       used 145163K, committed 146368K, reserved 557056K
  class space    used 19820K, committed 20416K, reserved 425984K
}
Event: 156.629 GC heap after
{Heap after GC invocations=116 (full 0):
 garbage-first heap   total 473088K, used 465036K [0x0000000080000000, 0x0000000100000000)
  region size 1024K, 3 young (3072K), 3 survivors (3072K)
 Metaspace       used 145163K, committed 146368K, reserved 557056K
  class space    used 19820K, committed 20416K, reserved 425984K
}
Event: 156.703 GC heap before
{Heap before GC invocations=116 (full 0):
 garbage-first heap   total 473088K, used 467084K [0x0000000080000000, 0x0000000100000000)
  region size 1024K, 4 young (4096K), 3 survivors (3072K)
 Metaspace       used 145163K, committed 146368K, reserved 557056K
  class space    used 19820K, committed 20416K, reserved 425984K
}
Event: 156.707 GC heap after
{Heap after GC invocations=117 (full 0):
 garbage-first heap   total 473088K, used 468047K [0x0000000080000000, 0x0000000100000000)
  region size 1024K, 1 young (1024K), 1 survivors (1024K)
 Metaspace       used 145163K, committed 146368K, reserved 557056K
  class space    used 19820K, committed 20416K, reserved 425984K
}
Event: 156.744 GC heap before
{Heap before GC invocations=117 (full 0):
 garbage-first heap   total 477184K, used 472143K [0x0000000080000000, 0x0000000100000000)
  region size 1024K, 2 young (2048K), 1 survivors (1024K)
 Metaspace       used 145163K, committed 146368K, reserved 557056K
  class space    used 19820K, committed 20416K, reserved 425984K
}
Event: 156.746 GC heap after
{Heap after GC invocations=118 (full 0):
 garbage-first heap   total 477184K, used 472287K [0x0000000080000000, 0x0000000100000000)
  region size 1024K, 2 young (2048K), 2 survivors (2048K)
 Metaspace       used 145163K, committed 146368K, reserved 557056K
  class space    used 19820K, committed 20416K, reserved 425984K
}
Event: 156.756 GC heap before
{Heap before GC invocations=118 (full 0):
 garbage-first heap   total 480256K, used 476383K [0x0000000080000000, 0x0000000100000000)
  region size 1024K, 2 young (2048K), 2 survivors (2048K)
 Metaspace       used 145163K, committed 146368K, reserved 557056K
  class space    used 19820K, committed 20416K, reserved 425984K
}
Event: 156.758 GC heap after
{Heap after GC invocations=119 (full 0):
 garbage-first heap   total 480256K, used 476383K [0x0000000080000000, 0x0000000100000000)
  region size 1024K, 2 young (2048K), 2 survivors (2048K)
 Metaspace       used 145163K, committed 146368K, reserved 557056K
  class space    used 19820K, committed 20416K, reserved 425984K
}
Event: 156.758 GC heap before
{Heap before GC invocations=119 (full 0):
 garbage-first heap   total 480256K, used 476383K [0x0000000080000000, 0x0000000100000000)
  region size 1024K, 2 young (2048K), 2 survivors (2048K)
 Metaspace       used 145163K, committed 146368K, reserved 557056K
  class space    used 19820K, committed 20416K, reserved 425984K
}

